-------------------------------------------------------------------------------
Test set: test.es.EsCrawlerTest
-------------------------------------------------------------------------------
Tests run: 1, Failures: 1, Errors: 0, Skipped: 0, Time elapsed: 0.003 sec <<< FAILURE!
test.es.EsCrawlerTest.testGet()  Time elapsed: 0.002 sec  <<< FAILURE!
java.lang.NullPointerException
	at test.es.EsCrawlerTest.testGet(EsCrawlerTest.java:53)

